{"C:\\Users\\QUIKCARE COMPUTERS\\Desktop\\maths_solver\\backend\\middleware\\auth.js": {"path":"C:\\Users\\QUIKCARE COMPUTERS\\Desktop\\maths_solver\\backend\\middleware\\auth.js","statementMap":{"0":{"start":{"line":7,"column":38},"end":{"line":7,"column":63}},"1":{"start":{"line":8,"column":39},"end":{"line":8,"column":66}},"2":{"start":{"line":11,"column":20},"end":{"line":11,"column":49}},"3":{"start":{"line":12,"column":2},"end":{"line":12,"column":23}},"4":{"start":{"line":13,"column":2},"end":{"line":13,"column":36}},"5":{"start":{"line":15,"column":2},"end":{"line":27,"column":3}},"6":{"start":{"line":16,"column":4},"end":{"line":26,"column":5}},"7":{"start":{"line":17,"column":22},"end":{"line":17,"column":49}},"8":{"start":{"line":18,"column":6},"end":{"line":23,"column":7}},"9":{"start":{"line":19,"column":8},"end":{"line":19,"column":70}},"10":{"start":{"line":20,"column":8},"end":{"line":22,"column":9}},"11":{"start":{"line":21,"column":10},"end":{"line":21,"column":86}},"12":{"start":{"line":25,"column":6},"end":{"line":25,"column":69}},"13":{"start":{"line":29,"column":2},"end":{"line":29,"column":9}},"14":{"start":{"line":33,"column":2},"end":{"line":35,"column":3}},"15":{"start":{"line":34,"column":4},"end":{"line":34,"column":69}},"16":{"start":{"line":36,"column":2},"end":{"line":36,"column":9}},"17":{"start":{"line":39,"column":0},"end":{"line":39,"column":45}}},"fnMap":{"0":{"name":"attachUser","decl":{"start":{"line":10,"column":15},"end":{"line":10,"column":25}},"loc":{"start":{"line":10,"column":42},"end":{"line":30,"column":1}},"line":10},"1":{"name":"requireAuth","decl":{"start":{"line":32,"column":9},"end":{"line":32,"column":20}},"loc":{"start":{"line":32,"column":37},"end":{"line":37,"column":1}},"line":32}},"branchMap":{"0":{"loc":{"start":{"line":13,"column":18},"end":{"line":13,"column":35}},"type":"binary-expr","locations":[{"start":{"line":13,"column":18},"end":{"line":13,"column":27}},{"start":{"line":13,"column":31},"end":{"line":13,"column":35}}],"line":13},"1":{"loc":{"start":{"line":15,"column":2},"end":{"line":27,"column":3}},"type":"if","locations":[{"start":{"line":15,"column":2},"end":{"line":27,"column":3}},{"start":{},"end":{}}],"line":15},"2":{"loc":{"start":{"line":18,"column":6},"end":{"line":23,"column":7}},"type":"if","locations":[{"start":{"line":18,"column":6},"end":{"line":23,"column":7}},{"start":{},"end":{}}],"line":18},"3":{"loc":{"start":{"line":19,"column":19},"end":{"line":19,"column":69}},"type":"binary-expr","locations":[{"start":{"line":19,"column":19},"end":{"line":19,"column":61}},{"start":{"line":19,"column":65},"end":{"line":19,"column":69}}],"line":19},"4":{"loc":{"start":{"line":20,"column":8},"end":{"line":22,"column":9}},"type":"if","locations":[{"start":{"line":20,"column":8},"end":{"line":22,"column":9}},{"start":{},"end":{}}],"line":20},"5":{"loc":{"start":{"line":33,"column":2},"end":{"line":35,"column":3}},"type":"if","locations":[{"start":{"line":33,"column":2},"end":{"line":35,"column":3}},{"start":{},"end":{}}],"line":33}},"s":{"0":2,"1":2,"2":65,"3":65,"4":65,"5":65,"6":25,"7":25,"8":25,"9":25,"10":25,"11":0,"12":0,"13":65,"14":29,"15":4,"16":25,"17":2},"f":{"0":65,"1":29},"b":{"0":[65,40],"1":[25,40],"2":[25,0],"3":[25,0],"4":[0,25],"5":[4,25]},"_coverageSchema":"1a1c01bbd47fc00a2c39e90264f33305004495a9","hash":"d8edbd63f85f4bd1753385d25081a98e6171ea47"}
,"C:\\Users\\QUIKCARE COMPUTERS\\Desktop\\maths_solver\\backend\\middleware\\googleAuthGuard.js": {"path":"C:\\Users\\QUIKCARE COMPUTERS\\Desktop\\maths_solver\\backend\\middleware\\googleAuthGuard.js","statementMap":{"0":{"start":{"line":9,"column":2},"end":{"line":11,"column":3}},"1":{"start":{"line":10,"column":4},"end":{"line":10,"column":18}},"2":{"start":{"line":12,"column":2},"end":{"line":15,"column":5}},"3":{"start":{"line":18,"column":0},"end":{"line":18,"column":39}}},"fnMap":{"0":{"name":"requireGoogleAuth","decl":{"start":{"line":8,"column":9},"end":{"line":8,"column":26}},"loc":{"start":{"line":8,"column":43},"end":{"line":16,"column":1}},"line":8}},"branchMap":{"0":{"loc":{"start":{"line":9,"column":2},"end":{"line":11,"column":3}},"type":"if","locations":[{"start":{"line":9,"column":2},"end":{"line":11,"column":3}},{"start":{},"end":{}}],"line":9},"1":{"loc":{"start":{"line":9,"column":6},"end":{"line":9,"column":50}},"type":"binary-expr","locations":[{"start":{"line":9,"column":6},"end":{"line":9,"column":25}},{"start":{"line":9,"column":29},"end":{"line":9,"column":50}}],"line":9}},"s":{"0":0,"1":0,"2":0,"3":0},"f":{"0":0},"b":{"0":[0,0],"1":[0,0]}}
,"C:\\Users\\QUIKCARE COMPUTERS\\Desktop\\maths_solver\\backend\\routes\\auth-simple.js": {"path":"C:\\Users\\QUIKCARE COMPUTERS\\Desktop\\maths_solver\\backend\\routes\\auth-simple.js","statementMap":{"0":{"start":{"line":6,"column":16},"end":{"line":6,"column":34}},"1":{"start":{"line":8,"column":33},"end":{"line":8,"column":55}},"2":{"start":{"line":9,"column":41},"end":{"line":9,"column":67}},"3":{"start":{"line":10,"column":56},"end":{"line":10,"column":83}},"4":{"start":{"line":11,"column":33},"end":{"line":11,"column":62}},"5":{"start":{"line":13,"column":15},"end":{"line":13,"column":31}},"6":{"start":{"line":18,"column":2},"end":{"line":18,"column":50}},"7":{"start":{"line":22,"column":2},"end":{"line":22,"column":69}},"8":{"start":{"line":28,"column":0},"end":{"line":61,"column":3}},"9":{"start":{"line":29,"column":40},"end":{"line":29,"column":48}},"10":{"start":{"line":32,"column":2},"end":{"line":34,"column":3}},"11":{"start":{"line":33,"column":4},"end":{"line":33,"column":89}},"12":{"start":{"line":35,"column":2},"end":{"line":37,"column":3}},"13":{"start":{"line":36,"column":4},"end":{"line":36,"column":83}},"14":{"start":{"line":38,"column":2},"end":{"line":40,"column":3}},"15":{"start":{"line":39,"column":4},"end":{"line":39,"column":95}},"16":{"start":{"line":42,"column":21},"end":{"line":42,"column":40}},"17":{"start":{"line":43,"column":2},"end":{"line":45,"column":3}},"18":{"start":{"line":43,"column":27},"end":{"line":43,"column":49}},"19":{"start":{"line":44,"column":4},"end":{"line":44,"column":91}},"20":{"start":{"line":47,"column":15},"end":{"line":53,"column":3}},"21":{"start":{"line":55,"column":2},"end":{"line":55,"column":22}},"22":{"start":{"line":56,"column":2},"end":{"line":56,"column":9}},"23":{"start":{"line":58,"column":20},"end":{"line":58,"column":42}},"24":{"start":{"line":59,"column":2},"end":{"line":59,"column":55}},"25":{"start":{"line":60,"column":2},"end":{"line":60,"column":59}},"26":{"start":{"line":64,"column":0},"end":{"line":84,"column":3}},"27":{"start":{"line":65,"column":30},"end":{"line":65,"column":38}},"28":{"start":{"line":67,"column":2},"end":{"line":69,"column":3}},"29":{"start":{"line":68,"column":4},"end":{"line":68,"column":83}},"30":{"start":{"line":70,"column":2},"end":{"line":72,"column":3}},"31":{"start":{"line":71,"column":4},"end":{"line":71,"column":70}},"32":{"start":{"line":74,"column":21},"end":{"line":74,"column":40}},"33":{"start":{"line":75,"column":15},"end":{"line":75,"column":59}},"34":{"start":{"line":75,"column":36},"end":{"line":75,"column":58}},"35":{"start":{"line":77,"column":2},"end":{"line":79,"column":3}},"36":{"start":{"line":78,"column":4},"end":{"line":78,"column":75}},"37":{"start":{"line":81,"column":20},"end":{"line":81,"column":42}},"38":{"start":{"line":82,"column":2},"end":{"line":82,"column":55}},"39":{"start":{"line":83,"column":2},"end":{"line":83,"column":59}},"40":{"start":{"line":87,"column":0},"end":{"line":91,"column":3}},"41":{"start":{"line":88,"column":2},"end":{"line":88,"column":32}},"42":{"start":{"line":89,"column":2},"end":{"line":89,"column":51}},"43":{"start":{"line":90,"column":2},"end":{"line":90,"column":58}},"44":{"start":{"line":94,"column":0},"end":{"line":96,"column":3}},"45":{"start":{"line":95,"column":2},"end":{"line":95,"column":63}},"46":{"start":{"line":98,"column":0},"end":{"line":98,"column":24}}},"fnMap":{"0":{"name":"isEmail","decl":{"start":{"line":17,"column":9},"end":{"line":17,"column":16}},"loc":{"start":{"line":17,"column":24},"end":{"line":19,"column":1}},"line":17},"1":{"name":"userPayload","decl":{"start":{"line":21,"column":9},"end":{"line":21,"column":20}},"loc":{"start":{"line":21,"column":27},"end":{"line":23,"column":1}},"line":21},"2":{"name":"(anonymous_2)","decl":{"start":{"line":28,"column":25},"end":{"line":28,"column":26}},"loc":{"start":{"line":28,"column":39},"end":{"line":61,"column":1}},"line":28},"3":{"name":"(anonymous_3)","decl":{"start":{"line":43,"column":20},"end":{"line":43,"column":21}},"loc":{"start":{"line":43,"column":27},"end":{"line":43,"column":49}},"line":43},"4":{"name":"(anonymous_4)","decl":{"start":{"line":64,"column":22},"end":{"line":64,"column":23}},"loc":{"start":{"line":64,"column":36},"end":{"line":84,"column":1}},"line":64},"5":{"name":"(anonymous_5)","decl":{"start":{"line":75,"column":29},"end":{"line":75,"column":30}},"loc":{"start":{"line":75,"column":36},"end":{"line":75,"column":58}},"line":75},"6":{"name":"(anonymous_6)","decl":{"start":{"line":87,"column":23},"end":{"line":87,"column":24}},"loc":{"start":{"line":87,"column":37},"end":{"line":91,"column":1}},"line":87},"7":{"name":"(anonymous_7)","decl":{"start":{"line":94,"column":31},"end":{"line":94,"column":32}},"loc":{"start":{"line":94,"column":45},"end":{"line":96,"column":1}},"line":94}},"branchMap":{"0":{"loc":{"start":{"line":32,"column":2},"end":{"line":34,"column":3}},"type":"if","locations":[{"start":{"line":32,"column":2},"end":{"line":34,"column":3}},{"start":{},"end":{}}],"line":32},"1":{"loc":{"start":{"line":32,"column":6},"end":{"line":32,"column":45}},"type":"binary-expr","locations":[{"start":{"line":32,"column":6},"end":{"line":32,"column":15}},{"start":{"line":32,"column":19},"end":{"line":32,"column":45}}],"line":32},"2":{"loc":{"start":{"line":35,"column":2},"end":{"line":37,"column":3}},"type":"if","locations":[{"start":{"line":35,"column":2},"end":{"line":37,"column":3}},{"start":{},"end":{}}],"line":35},"3":{"loc":{"start":{"line":35,"column":6},"end":{"line":35,"column":31}},"type":"binary-expr","locations":[{"start":{"line":35,"column":6},"end":{"line":35,"column":12}},{"start":{"line":35,"column":16},"end":{"line":35,"column":31}}],"line":35},"4":{"loc":{"start":{"line":38,"column":2},"end":{"line":40,"column":3}},"type":"if","locations":[{"start":{"line":38,"column":2},"end":{"line":40,"column":3}},{"start":{},"end":{}}],"line":38},"5":{"loc":{"start":{"line":38,"column":6},"end":{"line":38,"column":63}},"type":"binary-expr","locations":[{"start":{"line":38,"column":6},"end":{"line":38,"column":15}},{"start":{"line":38,"column":19},"end":{"line":38,"column":38}},{"start":{"line":38,"column":42},"end":{"line":38,"column":63}}],"line":38},"6":{"loc":{"start":{"line":43,"column":2},"end":{"line":45,"column":3}},"type":"if","locations":[{"start":{"line":43,"column":2},"end":{"line":45,"column":3}},{"start":{},"end":{}}],"line":43},"7":{"loc":{"start":{"line":67,"column":2},"end":{"line":69,"column":3}},"type":"if","locations":[{"start":{"line":67,"column":2},"end":{"line":69,"column":3}},{"start":{},"end":{}}],"line":67},"8":{"loc":{"start":{"line":67,"column":6},"end":{"line":67,"column":31}},"type":"binary-expr","locations":[{"start":{"line":67,"column":6},"end":{"line":67,"column":12}},{"start":{"line":67,"column":16},"end":{"line":67,"column":31}}],"line":67},"9":{"loc":{"start":{"line":70,"column":2},"end":{"line":72,"column":3}},"type":"if","locations":[{"start":{"line":70,"column":2},"end":{"line":72,"column":3}},{"start":{},"end":{}}],"line":70},"10":{"loc":{"start":{"line":77,"column":2},"end":{"line":79,"column":3}},"type":"if","locations":[{"start":{"line":77,"column":2},"end":{"line":79,"column":3}},{"start":{},"end":{}}],"line":77},"11":{"loc":{"start":{"line":77,"column":6},"end":{"line":77,"column":59}},"type":"binary-expr","locations":[{"start":{"line":77,"column":6},"end":{"line":77,"column":11}},{"start":{"line":77,"column":15},"end":{"line":77,"column":59}}],"line":77}},"s":{"0":0,"1":0,"2":0,"3":0,"4":0,"5":0,"6":0,"7":0,"8":0,"9":0,"10":0,"11":0,"12":0,"13":0,"14":0,"15":0,"16":0,"17":0,"18":0,"19":0,"20":0,"21":0,"22":0,"23":0,"24":0,"25":0,"26":0,"27":0,"28":0,"29":0,"30":0,"31":0,"32":0,"33":0,"34":0,"35":0,"36":0,"37":0,"38":0,"39":0,"40":0,"41":0,"42":0,"43":0,"44":0,"45":0,"46":0},"f":{"0":0,"1":0,"2":0,"3":0,"4":0,"5":0,"6":0,"7":0},"b":{"0":[0,0],"1":[0,0],"2":[0,0],"3":[0,0],"4":[0,0],"5":[0,0,0],"6":[0,0],"7":[0,0],"8":[0,0],"9":[0,0],"10":[0,0],"11":[0,0]}}
,"C:\\Users\\QUIKCARE COMPUTERS\\Desktop\\maths_solver\\backend\\routes\\auth.js": {"path":"C:\\Users\\QUIKCARE COMPUTERS\\Desktop\\maths_solver\\backend\\routes\\auth.js","statementMap":{"0":{"start":{"line":10,"column":16},"end":{"line":10,"column":34}},"1":{"start":{"line":11,"column":16},"end":{"line":11,"column":41}},"2":{"start":{"line":12,"column":52},"end":{"line":12,"column":78}},"3":{"start":{"line":13,"column":56},"end":{"line":13,"column":83}},"4":{"start":{"line":14,"column":52},"end":{"line":14,"column":81}},"5":{"start":{"line":15,"column":52},"end":{"line":15,"column":82}},"6":{"start":{"line":17,"column":15},"end":{"line":17,"column":31}},"7":{"start":{"line":20,"column":2},"end":{"line":20,"column":70}},"8":{"start":{"line":24,"column":0},"end":{"line":45,"column":3}},"9":{"start":{"line":25,"column":2},"end":{"line":44,"column":3}},"10":{"start":{"line":26,"column":42},"end":{"line":26,"column":50}},"11":{"start":{"line":28,"column":21},"end":{"line":28,"column":50}},"12":{"start":{"line":29,"column":4},"end":{"line":31,"column":5}},"13":{"start":{"line":30,"column":6},"end":{"line":30,"column":93}},"14":{"start":{"line":33,"column":17},"end":{"line":37,"column":6}},"15":{"start":{"line":39,"column":22},"end":{"line":39,"column":51}},"16":{"start":{"line":40,"column":4},"end":{"line":40,"column":57}},"17":{"start":{"line":41,"column":4},"end":{"line":41,"column":61}},"18":{"start":{"line":43,"column":4},"end":{"line":43,"column":14}},"19":{"start":{"line":48,"column":0},"end":{"line":63,"column":3}},"20":{"start":{"line":49,"column":2},"end":{"line":62,"column":3}},"21":{"start":{"line":50,"column":32},"end":{"line":50,"column":40}},"22":{"start":{"line":51,"column":17},"end":{"line":51,"column":46}},"23":{"start":{"line":53,"column":4},"end":{"line":55,"column":5}},"24":{"start":{"line":54,"column":6},"end":{"line":54,"column":77}},"25":{"start":{"line":57,"column":22},"end":{"line":57,"column":51}},"26":{"start":{"line":58,"column":4},"end":{"line":58,"column":57}},"27":{"start":{"line":59,"column":4},"end":{"line":59,"column":61}},"28":{"start":{"line":61,"column":4},"end":{"line":61,"column":14}},"29":{"start":{"line":66,"column":0},"end":{"line":74,"column":3}},"30":{"start":{"line":67,"column":2},"end":{"line":73,"column":3}},"31":{"start":{"line":68,"column":4},"end":{"line":68,"column":40}},"32":{"start":{"line":69,"column":4},"end":{"line":69,"column":53}},"33":{"start":{"line":70,"column":4},"end":{"line":70,"column":60}},"34":{"start":{"line":72,"column":4},"end":{"line":72,"column":14}},"35":{"start":{"line":77,"column":0},"end":{"line":79,"column":3}},"36":{"start":{"line":78,"column":2},"end":{"line":78,"column":63}},"37":{"start":{"line":81,"column":0},"end":{"line":81,"column":24}}},"fnMap":{"0":{"name":"userPayload","decl":{"start":{"line":19,"column":9},"end":{"line":19,"column":20}},"loc":{"start":{"line":19,"column":27},"end":{"line":21,"column":1}},"line":19},"1":{"name":"(anonymous_1)","decl":{"start":{"line":24,"column":51},"end":{"line":24,"column":52}},"loc":{"start":{"line":24,"column":77},"end":{"line":45,"column":1}},"line":24},"2":{"name":"(anonymous_2)","decl":{"start":{"line":48,"column":45},"end":{"line":48,"column":46}},"loc":{"start":{"line":48,"column":71},"end":{"line":63,"column":1}},"line":48},"3":{"name":"(anonymous_3)","decl":{"start":{"line":66,"column":23},"end":{"line":66,"column":24}},"loc":{"start":{"line":66,"column":49},"end":{"line":74,"column":1}},"line":66},"4":{"name":"(anonymous_4)","decl":{"start":{"line":77,"column":31},"end":{"line":77,"column":32}},"loc":{"start":{"line":77,"column":45},"end":{"line":79,"column":1}},"line":77}},"branchMap":{"0":{"loc":{"start":{"line":29,"column":4},"end":{"line":31,"column":5}},"type":"if","locations":[{"start":{"line":29,"column":4},"end":{"line":31,"column":5}},{"start":{},"end":{}}],"line":29},"1":{"loc":{"start":{"line":53,"column":4},"end":{"line":55,"column":5}},"type":"if","locations":[{"start":{"line":53,"column":4},"end":{"line":55,"column":5}},{"start":{},"end":{}}],"line":53},"2":{"loc":{"start":{"line":53,"column":8},"end":{"line":53,"column":61}},"type":"binary-expr","locations":[{"start":{"line":53,"column":8},"end":{"line":53,"column":13}},{"start":{"line":53,"column":17},"end":{"line":53,"column":61}}],"line":53}},"s":{"0":2,"1":2,"2":2,"3":2,"4":2,"5":2,"6":2,"7":29,"8":2,"9":28,"10":28,"11":28,"12":28,"13":1,"14":27,"15":27,"16":27,"17":27,"18":0,"19":2,"20":3,"21":3,"22":3,"23":3,"24":2,"25":1,"26":1,"27":1,"28":0,"29":2,"30":1,"31":1,"32":1,"33":1,"34":0,"35":2,"36":1,"37":2},"f":{"0":29,"1":28,"2":3,"3":1,"4":1},"b":{"0":[1,27],"1":[2,1],"2":[3,2]},"_coverageSchema":"1a1c01bbd47fc00a2c39e90264f33305004495a9","hash":"ac42a28edec4e3e6b81fce5b2cd678c1851aa916"}
,"C:\\Users\\QUIKCARE COMPUTERS\\Desktop\\maths_solver\\backend\\routes\\gamification.js": {"path":"C:\\Users\\QUIKCARE COMPUTERS\\Desktop\\maths_solver\\backend\\routes\\gamification.js","statementMap":{"0":{"start":{"line":11,"column":22},"end":{"line":11,"column":40}},"1":{"start":{"line":12,"column":22},"end":{"line":12,"column":55}},"2":{"start":{"line":13,"column":22},"end":{"line":13,"column":47}},"3":{"start":{"line":14,"column":24},"end":{"line":14,"column":53}},"4":{"start":{"line":16,"column":15},"end":{"line":16,"column":31}},"5":{"start":{"line":17,"column":0},"end":{"line":17,"column":24}},"6":{"start":{"line":22,"column":2},"end":{"line":22,"column":37}},"7":{"start":{"line":22,"column":21},"end":{"line":22,"column":37}},"8":{"start":{"line":23,"column":2},"end":{"line":23,"column":37}},"9":{"start":{"line":23,"column":21},"end":{"line":23,"column":37}},"10":{"start":{"line":24,"column":2},"end":{"line":24,"column":37}},"11":{"start":{"line":24,"column":21},"end":{"line":24,"column":37}},"12":{"start":{"line":25,"column":2},"end":{"line":25,"column":39}},"13":{"start":{"line":25,"column":21},"end":{"line":25,"column":39}},"14":{"start":{"line":26,"column":2},"end":{"line":26,"column":43}},"15":{"start":{"line":26,"column":21},"end":{"line":26,"column":43}},"16":{"start":{"line":27,"column":2},"end":{"line":27,"column":20}},"17":{"start":{"line":30,"column":26},"end":{"line":38,"column":1}},"18":{"start":{"line":43,"column":0},"end":{"line":61,"column":3}},"19":{"start":{"line":44,"column":2},"end":{"line":60,"column":3}},"20":{"start":{"line":45,"column":18},"end":{"line":46,"column":92}},"21":{"start":{"line":48,"column":4},"end":{"line":57,"column":7}},"22":{"start":{"line":59,"column":4},"end":{"line":59,"column":14}},"23":{"start":{"line":64,"column":0},"end":{"line":118,"column":3}},"24":{"start":{"line":65,"column":2},"end":{"line":117,"column":3}},"25":{"start":{"line":66,"column":22},"end":{"line":66,"column":47}},"26":{"start":{"line":67,"column":22},"end":{"line":67,"column":70}},"27":{"start":{"line":70,"column":21},"end":{"line":70,"column":73}},"28":{"start":{"line":71,"column":23},"end":{"line":71,"column":53}},"29":{"start":{"line":72,"column":23},"end":{"line":72,"column":47}},"30":{"start":{"line":74,"column":19},"end":{"line":74,"column":43}},"31":{"start":{"line":76,"column":4},"end":{"line":80,"column":5}},"32":{"start":{"line":77,"column":6},"end":{"line":77,"column":61}},"33":{"start":{"line":79,"column":6},"end":{"line":79,"column":34}},"34":{"start":{"line":83,"column":4},"end":{"line":92,"column":5}},"35":{"start":{"line":84,"column":6},"end":{"line":84,"column":81}},"36":{"start":{"line":85,"column":11},"end":{"line":92,"column":5}},"37":{"start":{"line":87,"column":11},"end":{"line":92,"column":5}},"38":{"start":{"line":88,"column":6},"end":{"line":88,"column":29}},"39":{"start":{"line":89,"column":6},"end":{"line":89,"column":70}},"40":{"start":{"line":91,"column":6},"end":{"line":91,"column":81}},"41":{"start":{"line":94,"column":20},"end":{"line":98,"column":12}},"42":{"start":{"line":100,"column":22},"end":{"line":100,"column":50}},"43":{"start":{"line":101,"column":22},"end":{"line":101,"column":44}},"44":{"start":{"line":103,"column":4},"end":{"line":114,"column":7}},"45":{"start":{"line":116,"column":4},"end":{"line":116,"column":14}},"46":{"start":{"line":121,"column":0},"end":{"line":138,"column":3}},"47":{"start":{"line":122,"column":2},"end":{"line":137,"column":3}},"48":{"start":{"line":123,"column":18},"end":{"line":123,"column":77}},"49":{"start":{"line":124,"column":24},"end":{"line":124,"column":60}},"50":{"start":{"line":126,"column":19},"end":{"line":132,"column":7}},"51":{"start":{"line":126,"column":51},"end":{"line":132,"column":5}},"52":{"start":{"line":134,"column":4},"end":{"line":134,"column":44}},"53":{"start":{"line":136,"column":4},"end":{"line":136,"column":14}},"54":{"start":{"line":141,"column":0},"end":{"line":174,"column":3}},"55":{"start":{"line":142,"column":2},"end":{"line":173,"column":3}},"56":{"start":{"line":143,"column":24},"end":{"line":143,"column":32}},"57":{"start":{"line":145,"column":4},"end":{"line":147,"column":5}},"58":{"start":{"line":146,"column":6},"end":{"line":146,"column":78}},"59":{"start":{"line":149,"column":18},"end":{"line":149,"column":63}},"60":{"start":{"line":149,"column":46},"end":{"line":149,"column":62}},"61":{"start":{"line":150,"column":4},"end":{"line":152,"column":5}},"62":{"start":{"line":151,"column":6},"end":{"line":151,"column":67}},"63":{"start":{"line":154,"column":18},"end":{"line":154,"column":70}},"64":{"start":{"line":155,"column":28},"end":{"line":155,"column":68}},"65":{"start":{"line":157,"column":4},"end":{"line":159,"column":5}},"66":{"start":{"line":158,"column":6},"end":{"line":158,"column":74}},"67":{"start":{"line":161,"column":4},"end":{"line":165,"column":6}},"68":{"start":{"line":167,"column":4},"end":{"line":170,"column":7}},"69":{"start":{"line":172,"column":4},"end":{"line":172,"column":14}},"70":{"start":{"line":177,"column":0},"end":{"line":201,"column":3}},"71":{"start":{"line":178,"column":2},"end":{"line":200,"column":3}},"72":{"start":{"line":179,"column":21},"end":{"line":183,"column":13}},"73":{"start":{"line":186,"column":20},"end":{"line":186,"column":47}},"74":{"start":{"line":186,"column":38},"end":{"line":186,"column":46}},"75":{"start":{"line":187,"column":20},"end":{"line":187,"column":69}},"76":{"start":{"line":188,"column":20},"end":{"line":188,"column":86}},"77":{"start":{"line":188,"column":54},"end":{"line":188,"column":84}},"78":{"start":{"line":190,"column":24},"end":{"line":195,"column":7}},"79":{"start":{"line":190,"column":48},"end":{"line":195,"column":5}},"80":{"start":{"line":197,"column":4},"end":{"line":197,"column":49}},"81":{"start":{"line":199,"column":4},"end":{"line":199,"column":14}},"82":{"start":{"line":203,"column":0},"end":{"line":203,"column":24}}},"fnMap":{"0":{"name":"getBadgeTier","decl":{"start":{"line":21,"column":9},"end":{"line":21,"column":21}},"loc":{"start":{"line":21,"column":30},"end":{"line":28,"column":1}},"line":21},"1":{"name":"(anonymous_1)","decl":{"start":{"line":43,"column":16},"end":{"line":43,"column":17}},"loc":{"start":{"line":43,"column":42},"end":{"line":61,"column":1}},"line":43},"2":{"name":"(anonymous_2)","decl":{"start":{"line":64,"column":22},"end":{"line":64,"column":23}},"loc":{"start":{"line":64,"column":48},"end":{"line":118,"column":1}},"line":64},"3":{"name":"(anonymous_3)","decl":{"start":{"line":121,"column":22},"end":{"line":121,"column":23}},"loc":{"start":{"line":121,"column":48},"end":{"line":138,"column":1}},"line":121},"4":{"name":"(anonymous_4)","decl":{"start":{"line":126,"column":41},"end":{"line":126,"column":42}},"loc":{"start":{"line":126,"column":51},"end":{"line":132,"column":5}},"line":126},"5":{"name":"(anonymous_5)","decl":{"start":{"line":141,"column":30},"end":{"line":141,"column":31}},"loc":{"start":{"line":141,"column":56},"end":{"line":174,"column":1}},"line":141},"6":{"name":"(anonymous_6)","decl":{"start":{"line":149,"column":41},"end":{"line":149,"column":42}},"loc":{"start":{"line":149,"column":46},"end":{"line":149,"column":62}},"line":149},"7":{"name":"(anonymous_7)","decl":{"start":{"line":177,"column":27},"end":{"line":177,"column":28}},"loc":{"start":{"line":177,"column":53},"end":{"line":201,"column":1}},"line":177},"8":{"name":"(anonymous_8)","decl":{"start":{"line":186,"column":33},"end":{"line":186,"column":34}},"loc":{"start":{"line":186,"column":38},"end":{"line":186,"column":46}},"line":186},"9":{"name":"(anonymous_9)","decl":{"start":{"line":188,"column":49},"end":{"line":188,"column":50}},"loc":{"start":{"line":188,"column":54},"end":{"line":188,"column":84}},"line":188},"10":{"name":"(anonymous_10)","decl":{"start":{"line":190,"column":37},"end":{"line":190,"column":38}},"loc":{"start":{"line":190,"column":48},"end":{"line":195,"column":5}},"line":190}},"branchMap":{"0":{"loc":{"start":{"line":22,"column":2},"end":{"line":22,"column":37}},"type":"if","locations":[{"start":{"line":22,"column":2},"end":{"line":22,"column":37}},{"start":{},"end":{}}],"line":22},"1":{"loc":{"start":{"line":23,"column":2},"end":{"line":23,"column":37}},"type":"if","locations":[{"start":{"line":23,"column":2},"end":{"line":23,"column":37}},{"start":{},"end":{}}],"line":23},"2":{"loc":{"start":{"line":24,"column":2},"end":{"line":24,"column":37}},"type":"if","locations":[{"start":{"line":24,"column":2},"end":{"line":24,"column":37}},{"start":{},"end":{}}],"line":24},"3":{"loc":{"start":{"line":25,"column":2},"end":{"line":25,"column":39}},"type":"if","locations":[{"start":{"line":25,"column":2},"end":{"line":25,"column":39}},{"start":{},"end":{}}],"line":25},"4":{"loc":{"start":{"line":26,"column":2},"end":{"line":26,"column":43}},"type":"if","locations":[{"start":{"line":26,"column":2},"end":{"line":26,"column":43}},{"start":{},"end":{}}],"line":26},"5":{"loc":{"start":{"line":45,"column":18},"end":{"line":46,"column":92}},"type":"binary-expr","locations":[{"start":{"line":45,"column":18},"end":{"line":45,"column":77}},{"start":{"line":46,"column":9},"end":{"line":46,"column":92}}],"line":45},"6":{"loc":{"start":{"line":71,"column":23},"end":{"line":71,"column":53}},"type":"cond-expr","locations":[{"start":{"line":71,"column":34},"end":{"line":71,"column":49}},{"start":{"line":71,"column":52},"end":{"line":71,"column":53}}],"line":71},"7":{"loc":{"start":{"line":76,"column":4},"end":{"line":80,"column":5}},"type":"if","locations":[{"start":{"line":76,"column":4},"end":{"line":80,"column":5}},{"start":{"line":78,"column":11},"end":{"line":80,"column":5}}],"line":76},"8":{"loc":{"start":{"line":76,"column":8},"end":{"line":76,"column":53}},"type":"binary-expr","locations":[{"start":{"line":76,"column":8},"end":{"line":76,"column":17}},{"start":{"line":76,"column":21},"end":{"line":76,"column":53}}],"line":76},"9":{"loc":{"start":{"line":83,"column":4},"end":{"line":92,"column":5}},"type":"if","locations":[{"start":{"line":83,"column":4},"end":{"line":92,"column":5}},{"start":{"line":85,"column":11},"end":{"line":92,"column":5}}],"line":83},"10":{"loc":{"start":{"line":83,"column":8},"end":{"line":83,"column":47}},"type":"binary-expr","locations":[{"start":{"line":83,"column":8},"end":{"line":83,"column":17}},{"start":{"line":83,"column":22},"end":{"line":83,"column":46}}],"line":83},"11":{"loc":{"start":{"line":84,"column":26},"end":{"line":84,"column":43}},"type":"binary-expr","locations":[{"start":{"line":84,"column":26},"end":{"line":84,"column":37}},{"start":{"line":84,"column":41},"end":{"line":84,"column":43}}],"line":84},"12":{"loc":{"start":{"line":85,"column":11},"end":{"line":92,"column":5}},"type":"if","locations":[{"start":{"line":85,"column":11},"end":{"line":92,"column":5}},{"start":{"line":87,"column":11},"end":{"line":92,"column":5}}],"line":85},"13":{"loc":{"start":{"line":87,"column":11},"end":{"line":92,"column":5}},"type":"if","locations":[{"start":{"line":87,"column":11},"end":{"line":92,"column":5}},{"start":{"line":90,"column":11},"end":{"line":92,"column":5}}],"line":87},"14":{"loc":{"start":{"line":89,"column":26},"end":{"line":89,"column":43}},"type":"binary-expr","locations":[{"start":{"line":89,"column":26},"end":{"line":89,"column":37}},{"start":{"line":89,"column":41},"end":{"line":89,"column":43}}],"line":89},"15":{"loc":{"start":{"line":91,"column":26},"end":{"line":91,"column":43}},"type":"binary-expr","locations":[{"start":{"line":91,"column":26},"end":{"line":91,"column":37}},{"start":{"line":91,"column":41},"end":{"line":91,"column":43}}],"line":91},"16":{"loc":{"start":{"line":124,"column":32},"end":{"line":124,"column":59}},"type":"binary-expr","locations":[{"start":{"line":124,"column":32},"end":{"line":124,"column":53}},{"start":{"line":124,"column":57},"end":{"line":124,"column":59}}],"line":124},"17":{"loc":{"start":{"line":145,"column":4},"end":{"line":147,"column":5}},"type":"if","locations":[{"start":{"line":145,"column":4},"end":{"line":147,"column":5}},{"start":{},"end":{}}],"line":145},"18":{"loc":{"start":{"line":145,"column":8},"end":{"line":145,"column":47}},"type":"binary-expr","locations":[{"start":{"line":145,"column":8},"end":{"line":145,"column":16}},{"start":{"line":145,"column":20},"end":{"line":145,"column":47}}],"line":145},"19":{"loc":{"start":{"line":150,"column":4},"end":{"line":152,"column":5}},"type":"if","locations":[{"start":{"line":150,"column":4},"end":{"line":152,"column":5}},{"start":{},"end":{}}],"line":150},"20":{"loc":{"start":{"line":157,"column":4},"end":{"line":159,"column":5}},"type":"if","locations":[{"start":{"line":157,"column":4},"end":{"line":159,"column":5}},{"start":{},"end":{}}],"line":157},"21":{"loc":{"start":{"line":192,"column":14},"end":{"line":192,"column":55}},"type":"binary-expr","locations":[{"start":{"line":192,"column":14},"end":{"line":192,"column":42}},{"start":{"line":192,"column":46},"end":{"line":192,"column":55}}],"line":192}},"s":{"0":1,"1":1,"2":1,"3":1,"4":1,"5":1,"6":7,"7":0,"8":7,"9":0,"10":7,"11":0,"12":7,"13":0,"14":7,"15":0,"16":7,"17":1,"18":1,"19":1,"20":1,"21":1,"22":0,"23":1,"24":3,"25":3,"26":3,"27":3,"28":3,"29":3,"30":3,"31":3,"32":2,"33":1,"34":3,"35":2,"36":1,"37":0,"38":0,"39":0,"40":0,"41":3,"42":3,"43":3,"44":3,"45":0,"46":1,"47":1,"48":1,"49":1,"50":1,"51":7,"52":1,"53":0,"54":1,"55":4,"56":4,"57":4,"58":0,"59":4,"60":10,"61":4,"62":1,"63":3,"64":3,"65":3,"66":1,"67":2,"68":2,"69":0,"70":1,"71":1,"72":1,"73":1,"74":0,"75":1,"76":1,"77":0,"78":1,"79":0,"80":1,"81":0,"82":1},"f":{"0":7,"1":1,"2":3,"3":1,"4":7,"5":4,"6":10,"7":1,"8":0,"9":0,"10":0},"b":{"0":[0,7],"1":[0,7],"2":[0,7],"3":[0,7],"4":[0,7],"5":[1,1],"6":[1,2],"7":[2,1],"8":[3,1],"9":[2,1],"10":[3,1],"11":[2,0],"12":[1,0],"13":[0,0],"14":[0,0],"15":[0,0],"16":[1,1],"17":[0,4],"18":[4,4],"19":[1,3],"20":[1,2],"21":[0,0]},"_coverageSchema":"1a1c01bbd47fc00a2c39e90264f33305004495a9","hash":"ae908580a1f28762b26dfad5973339860f46c2fc"}
,"C:\\Users\\QUIKCARE COMPUTERS\\Desktop\\maths_solver\\backend\\routes\\googleAuth.js": {"path":"C:\\Users\\QUIKCARE COMPUTERS\\Desktop\\maths_solver\\backend\\routes\\googleAuth.js","statementMap":{"0":{"start":{"line":11,"column":17},"end":{"line":11,"column":35}},"1":{"start":{"line":12,"column":17},"end":{"line":12,"column":45}},"2":{"start":{"line":14,"column":15},"end":{"line":14,"column":31}},"3":{"start":{"line":16,"column":21},"end":{"line":16,"column":72}},"4":{"start":{"line":20,"column":0},"end":{"line":25,"column":3}},"5":{"start":{"line":21,"column":2},"end":{"line":21,"column":51}},"6":{"start":{"line":22,"column":2},"end":{"line":24,"column":21}},"7":{"start":{"line":29,"column":0},"end":{"line":39,"column":2}},"8":{"start":{"line":35,"column":4},"end":{"line":35,"column":68}},"9":{"start":{"line":37,"column":4},"end":{"line":37,"column":48}},"10":{"start":{"line":43,"column":0},"end":{"line":59,"column":3}},"11":{"start":{"line":44,"column":16},"end":{"line":44,"column":44}},"12":{"start":{"line":45,"column":2},"end":{"line":58,"column":5}},"13":{"start":{"line":46,"column":4},"end":{"line":49,"column":5}},"14":{"start":{"line":47,"column":6},"end":{"line":47,"column":57}},"15":{"start":{"line":48,"column":6},"end":{"line":48,"column":23}},"16":{"start":{"line":50,"column":4},"end":{"line":57,"column":7}},"17":{"start":{"line":51,"column":6},"end":{"line":53,"column":7}},"18":{"start":{"line":52,"column":8},"end":{"line":52,"column":75}},"19":{"start":{"line":54,"column":6},"end":{"line":54,"column":37}},"20":{"start":{"line":55,"column":6},"end":{"line":55,"column":52}},"21":{"start":{"line":56,"column":6},"end":{"line":56,"column":49}},"22":{"start":{"line":63,"column":0},"end":{"line":75,"column":3}},"23":{"start":{"line":64,"column":2},"end":{"line":66,"column":3}},"24":{"start":{"line":65,"column":4},"end":{"line":65,"column":65}},"25":{"start":{"line":67,"column":2},"end":{"line":74,"column":5}},"26":{"start":{"line":77,"column":0},"end":{"line":77,"column":24}}},"fnMap":{"0":{"name":"(anonymous_0)","decl":{"start":{"line":20,"column":22},"end":{"line":20,"column":23}},"loc":{"start":{"line":20,"column":42},"end":{"line":25,"column":1}},"line":20},"1":{"name":"(anonymous_1)","decl":{"start":{"line":34,"column":2},"end":{"line":34,"column":3}},"loc":{"start":{"line":34,"column":16},"end":{"line":38,"column":3}},"line":34},"2":{"name":"(anonymous_2)","decl":{"start":{"line":43,"column":22},"end":{"line":43,"column":23}},"loc":{"start":{"line":43,"column":42},"end":{"line":59,"column":1}},"line":43},"3":{"name":"(anonymous_3)","decl":{"start":{"line":45,"column":13},"end":{"line":45,"column":14}},"loc":{"start":{"line":45,"column":22},"end":{"line":58,"column":3}},"line":45},"4":{"name":"(anonymous_4)","decl":{"start":{"line":50,"column":24},"end":{"line":50,"column":25}},"loc":{"start":{"line":50,"column":40},"end":{"line":57,"column":5}},"line":50},"5":{"name":"(anonymous_5)","decl":{"start":{"line":63,"column":20},"end":{"line":63,"column":21}},"loc":{"start":{"line":63,"column":34},"end":{"line":75,"column":1}},"line":63}},"branchMap":{"0":{"loc":{"start":{"line":16,"column":21},"end":{"line":16,"column":72}},"type":"binary-expr","locations":[{"start":{"line":16,"column":21},"end":{"line":16,"column":45}},{"start":{"line":16,"column":49},"end":{"line":16,"column":72}}],"line":16},"1":{"loc":{"start":{"line":44,"column":16},"end":{"line":44,"column":44}},"type":"binary-expr","locations":[{"start":{"line":44,"column":16},"end":{"line":44,"column":31}},{"start":{"line":44,"column":35},"end":{"line":44,"column":44}}],"line":44},"2":{"loc":{"start":{"line":46,"column":4},"end":{"line":49,"column":5}},"type":"if","locations":[{"start":{"line":46,"column":4},"end":{"line":49,"column":5}},{"start":{},"end":{}}],"line":46},"3":{"loc":{"start":{"line":51,"column":6},"end":{"line":53,"column":7}},"type":"if","locations":[{"start":{"line":51,"column":6},"end":{"line":53,"column":7}},{"start":{},"end":{}}],"line":51},"4":{"loc":{"start":{"line":64,"column":2},"end":{"line":66,"column":3}},"type":"if","locations":[{"start":{"line":64,"column":2},"end":{"line":66,"column":3}},{"start":{},"end":{}}],"line":64}},"s":{"0":0,"1":0,"2":0,"3":0,"4":0,"5":0,"6":0,"7":0,"8":0,"9":0,"10":0,"11":0,"12":0,"13":0,"14":0,"15":0,"16":0,"17":0,"18":0,"19":0,"20":0,"21":0,"22":0,"23":0,"24":0,"25":0,"26":0},"f":{"0":0,"1":0,"2":0,"3":0,"4":0,"5":0},"b":{"0":[0,0],"1":[0,0],"2":[0,0],"3":[0,0],"4":[0,0]}}
,"C:\\Users\\QUIKCARE COMPUTERS\\Desktop\\maths_solver\\backend\\routes\\history.js": {"path":"C:\\Users\\QUIKCARE COMPUTERS\\Desktop\\maths_solver\\backend\\routes\\history.js","statementMap":{"0":{"start":{"line":8,"column":17},"end":{"line":8,"column":35}},"1":{"start":{"line":9,"column":17},"end":{"line":9,"column":45}},"2":{"start":{"line":10,"column":37},"end":{"line":10,"column":66}},"3":{"start":{"line":11,"column":37},"end":{"line":11,"column":67}},"4":{"start":{"line":13,"column":15},"end":{"line":13,"column":31}},"5":{"start":{"line":14,"column":0},"end":{"line":14,"column":24}},"6":{"start":{"line":17,"column":0},"end":{"line":37,"column":3}},"7":{"start":{"line":18,"column":2},"end":{"line":36,"column":3}},"8":{"start":{"line":19,"column":20},"end":{"line":23,"column":13}},"9":{"start":{"line":25,"column":4},"end":{"line":33,"column":7}},"10":{"start":{"line":26,"column":33},"end":{"line":32,"column":7}},"11":{"start":{"line":35,"column":4},"end":{"line":35,"column":14}},"12":{"start":{"line":40,"column":0},"end":{"line":55,"column":3}},"13":{"start":{"line":41,"column":2},"end":{"line":54,"column":3}},"14":{"start":{"line":42,"column":42},"end":{"line":42,"column":50}},"15":{"start":{"line":44,"column":4},"end":{"line":49,"column":7}},"16":{"start":{"line":51,"column":4},"end":{"line":51,"column":63}},"17":{"start":{"line":53,"column":4},"end":{"line":53,"column":14}},"18":{"start":{"line":57,"column":0},"end":{"line":57,"column":24}}},"fnMap":{"0":{"name":"(anonymous_0)","decl":{"start":{"line":17,"column":16},"end":{"line":17,"column":17}},"loc":{"start":{"line":17,"column":42},"end":{"line":37,"column":1}},"line":17},"1":{"name":"(anonymous_1)","decl":{"start":{"line":26,"column":27},"end":{"line":26,"column":28}},"loc":{"start":{"line":26,"column":33},"end":{"line":32,"column":7}},"line":26},"2":{"name":"(anonymous_2)","decl":{"start":{"line":40,"column":42},"end":{"line":40,"column":43}},"loc":{"start":{"line":40,"column":68},"end":{"line":55,"column":1}},"line":40}},"branchMap":{},"s":{"0":1,"1":1,"2":1,"3":1,"4":1,"5":1,"6":1,"7":1,"8":1,"9":1,"10":2,"11":0,"12":1,"13":5,"14":5,"15":5,"16":5,"17":0,"18":1},"f":{"0":1,"1":2,"2":5},"b":{},"_coverageSchema":"1a1c01bbd47fc00a2c39e90264f33305004495a9","hash":"a817e7951ef18612260c8f51e29a35e093a02dfd"}
,"C:\\Users\\QUIKCARE COMPUTERS\\Desktop\\maths_solver\\backend\\routes\\progress.js": {"path":"C:\\Users\\QUIKCARE COMPUTERS\\Desktop\\maths_solver\\backend\\routes\\progress.js","statementMap":{"0":{"start":{"line":8,"column":18},"end":{"line":8,"column":36}},"1":{"start":{"line":9,"column":18},"end":{"line":9,"column":47}},"2":{"start":{"line":10,"column":38},"end":{"line":10,"column":67}},"3":{"start":{"line":11,"column":38},"end":{"line":11,"column":68}},"4":{"start":{"line":13,"column":15},"end":{"line":13,"column":31}},"5":{"start":{"line":14,"column":0},"end":{"line":14,"column":24}},"6":{"start":{"line":17,"column":0},"end":{"line":35,"column":3}},"7":{"start":{"line":18,"column":2},"end":{"line":34,"column":3}},"8":{"start":{"line":19,"column":21},"end":{"line":19,"column":76}},"9":{"start":{"line":21,"column":4},"end":{"line":23,"column":5}},"10":{"start":{"line":22,"column":6},"end":{"line":22,"column":54}},"11":{"start":{"line":25,"column":4},"end":{"line":31,"column":7}},"12":{"start":{"line":33,"column":4},"end":{"line":33,"column":14}},"13":{"start":{"line":38,"column":0},"end":{"line":58,"column":3}},"14":{"start":{"line":39,"column":2},"end":{"line":57,"column":3}},"15":{"start":{"line":40,"column":45},"end":{"line":40,"column":53}},"16":{"start":{"line":42,"column":19},"end":{"line":42,"column":67}},"17":{"start":{"line":44,"column":4},"end":{"line":46,"column":5}},"18":{"start":{"line":45,"column":6},"end":{"line":45,"column":41}},"19":{"start":{"line":48,"column":4},"end":{"line":52,"column":6}},"20":{"start":{"line":54,"column":4},"end":{"line":54,"column":64}},"21":{"start":{"line":56,"column":4},"end":{"line":56,"column":14}},"22":{"start":{"line":60,"column":0},"end":{"line":60,"column":24}}},"fnMap":{"0":{"name":"(anonymous_0)","decl":{"start":{"line":17,"column":16},"end":{"line":17,"column":17}},"loc":{"start":{"line":17,"column":42},"end":{"line":35,"column":1}},"line":17},"1":{"name":"(anonymous_1)","decl":{"start":{"line":38,"column":43},"end":{"line":38,"column":44}},"loc":{"start":{"line":38,"column":69},"end":{"line":58,"column":1}},"line":38}},"branchMap":{"0":{"loc":{"start":{"line":21,"column":4},"end":{"line":23,"column":5}},"type":"if","locations":[{"start":{"line":21,"column":4},"end":{"line":23,"column":5}},{"start":{},"end":{}}],"line":21},"1":{"loc":{"start":{"line":44,"column":4},"end":{"line":46,"column":5}},"type":"if","locations":[{"start":{"line":44,"column":4},"end":{"line":46,"column":5}},{"start":{},"end":{}}],"line":44}},"s":{"0":1,"1":1,"2":1,"3":1,"4":1,"5":1,"6":1,"7":2,"8":2,"9":2,"10":1,"11":1,"12":0,"13":1,"14":4,"15":4,"16":4,"17":4,"18":4,"19":4,"20":4,"21":0,"22":1},"f":{"0":2,"1":4},"b":{"0":[1,1],"1":[4,0]},"_coverageSchema":"1a1c01bbd47fc00a2c39e90264f33305004495a9","hash":"5d4be4024d87b3958ef51202f6e60839e3af615f"}
,"C:\\Users\\QUIKCARE COMPUTERS\\Desktop\\maths_solver\\backend\\utils\\crypto.js": {"path":"C:\\Users\\QUIKCARE COMPUTERS\\Desktop\\maths_solver\\backend\\utils\\crypto.js","statementMap":{"0":{"start":{"line":6,"column":15},"end":{"line":6,"column":32}},"1":{"start":{"line":13,"column":15},"end":{"line":13,"column":59}},"2":{"start":{"line":14,"column":15},"end":{"line":14,"column":75}},"3":{"start":{"line":15,"column":2},"end":{"line":15,"column":34}},"4":{"start":{"line":22,"column":34},"end":{"line":22,"column":69}},"5":{"start":{"line":23,"column":2},"end":{"line":23,"column":61}},"6":{"start":{"line":23,"column":48},"end":{"line":23,"column":61}},"7":{"start":{"line":25,"column":18},"end":{"line":25,"column":56}},"8":{"start":{"line":26,"column":18},"end":{"line":26,"column":48}},"9":{"start":{"line":27,"column":2},"end":{"line":27,"column":85}},"10":{"start":{"line":30,"column":0},"end":{"line":30,"column":50}}},"fnMap":{"0":{"name":"hashPassword","decl":{"start":{"line":12,"column":9},"end":{"line":12,"column":21}},"loc":{"start":{"line":12,"column":33},"end":{"line":16,"column":1}},"line":12},"1":{"name":"verifyPassword","decl":{"start":{"line":21,"column":9},"end":{"line":21,"column":23}},"loc":{"start":{"line":21,"column":47},"end":{"line":28,"column":1}},"line":21}},"branchMap":{"0":{"loc":{"start":{"line":22,"column":41},"end":{"line":22,"column":57}},"type":"binary-expr","locations":[{"start":{"line":22,"column":41},"end":{"line":22,"column":51}},{"start":{"line":22,"column":55},"end":{"line":22,"column":57}}],"line":22},"1":{"loc":{"start":{"line":23,"column":2},"end":{"line":23,"column":61}},"type":"if","locations":[{"start":{"line":23,"column":2},"end":{"line":23,"column":61}},{"start":{},"end":{}}],"line":23},"2":{"loc":{"start":{"line":23,"column":6},"end":{"line":23,"column":46}},"type":"binary-expr","locations":[{"start":{"line":23,"column":6},"end":{"line":23,"column":28}},{"start":{"line":23,"column":32},"end":{"line":23,"column":37}},{"start":{"line":23,"column":41},"end":{"line":23,"column":46}}],"line":23},"3":{"loc":{"start":{"line":27,"column":9},"end":{"line":27,"column":84}},"type":"binary-expr","locations":[{"start":{"line":27,"column":9},"end":{"line":27,"column":41}},{"start":{"line":27,"column":45},"end":{"line":27,"column":84}}],"line":27}},"s":{"0":2,"1":27,"2":27,"3":27,"4":2,"5":2,"6":0,"7":2,"8":2,"9":2,"10":2},"f":{"0":27,"1":2},"b":{"0":[2,0],"1":[0,2],"2":[2,2,2],"3":[2,2]},"_coverageSchema":"1a1c01bbd47fc00a2c39e90264f33305004495a9","hash":"ee5c7a9abc8c8256a567f0046ce5e4c76019e779"}
,"C:\\Users\\QUIKCARE COMPUTERS\\Desktop\\maths_solver\\backend\\utils\\db.js": {"path":"C:\\Users\\QUIKCARE COMPUTERS\\Desktop\\maths_solver\\backend\\utils\\db.js","statementMap":{"0":{"start":{"line":7,"column":17},"end":{"line":7,"column":36}},"1":{"start":{"line":9,"column":18},"end":{"line":9,"column":23}},"2":{"start":{"line":12,"column":2},"end":{"line":12,"column":26}},"3":{"start":{"line":12,"column":19},"end":{"line":12,"column":26}},"4":{"start":{"line":14,"column":14},"end":{"line":14,"column":37}},"5":{"start":{"line":15,"column":2},"end":{"line":17,"column":3}},"6":{"start":{"line":16,"column":4},"end":{"line":16,"column":60}},"7":{"start":{"line":19,"column":2},"end":{"line":19,"column":30}},"8":{"start":{"line":20,"column":2},"end":{"line":20,"column":21}},"9":{"start":{"line":21,"column":2},"end":{"line":21,"column":76}},"10":{"start":{"line":24,"column":0},"end":{"line":24,"column":31}}},"fnMap":{"0":{"name":"connectDB","decl":{"start":{"line":11,"column":15},"end":{"line":11,"column":24}},"loc":{"start":{"line":11,"column":27},"end":{"line":22,"column":1}},"line":11}},"branchMap":{"0":{"loc":{"start":{"line":12,"column":2},"end":{"line":12,"column":26}},"type":"if","locations":[{"start":{"line":12,"column":2},"end":{"line":12,"column":26}},{"start":{},"end":{}}],"line":12},"1":{"loc":{"start":{"line":15,"column":2},"end":{"line":17,"column":3}},"type":"if","locations":[{"start":{"line":15,"column":2},"end":{"line":17,"column":3}},{"start":{},"end":{}}],"line":15}},"s":{"0":0,"1":0,"2":0,"3":0,"4":0,"5":0,"6":0,"7":0,"8":0,"9":0,"10":0},"f":{"0":0},"b":{"0":[0,0],"1":[0,0]}}
,"C:\\Users\\QUIKCARE COMPUTERS\\Desktop\\maths_solver\\backend\\utils\\passport.js": {"path":"C:\\Users\\QUIKCARE COMPUTERS\\Desktop\\maths_solver\\backend\\utils\\passport.js","statementMap":{"0":{"start":{"line":7,"column":28},"end":{"line":7,"column":47}},"1":{"start":{"line":8,"column":28},"end":{"line":8,"column":71}},"2":{"start":{"line":9,"column":28},"end":{"line":9,"column":59}},"3":{"start":{"line":14,"column":0},"end":{"line":17,"column":3}},"4":{"start":{"line":15,"column":2},"end":{"line":15,"column":53}},"5":{"start":{"line":16,"column":2},"end":{"line":16,"column":34}},"6":{"start":{"line":19,"column":0},"end":{"line":28,"column":3}},"7":{"start":{"line":20,"column":2},"end":{"line":27,"column":3}},"8":{"start":{"line":21,"column":17},"end":{"line":21,"column":53}},"9":{"start":{"line":22,"column":4},"end":{"line":22,"column":80}},"10":{"start":{"line":23,"column":4},"end":{"line":23,"column":29}},"11":{"start":{"line":25,"column":4},"end":{"line":25,"column":68}},"12":{"start":{"line":26,"column":4},"end":{"line":26,"column":20}},"13":{"start":{"line":32,"column":0},"end":{"line":64,"column":3}},"14":{"start":{"line":39,"column":4},"end":{"line":62,"column":5}},"15":{"start":{"line":40,"column":6},"end":{"line":40,"column":106}},"16":{"start":{"line":42,"column":23},"end":{"line":42,"column":33}},"17":{"start":{"line":43,"column":23},"end":{"line":43,"column":59}},"18":{"start":{"line":44,"column":23},"end":{"line":44,"column":55}},"19":{"start":{"line":46,"column":6},"end":{"line":48,"column":7}},"20":{"start":{"line":47,"column":8},"end":{"line":47,"column":71}},"21":{"start":{"line":51,"column":19},"end":{"line":55,"column":7}},"22":{"start":{"line":57,"column":6},"end":{"line":57,"column":75}},"23":{"start":{"line":58,"column":6},"end":{"line":58,"column":30}},"24":{"start":{"line":60,"column":6},"end":{"line":60,"column":63}},"25":{"start":{"line":61,"column":6},"end":{"line":61,"column":29}},"26":{"start":{"line":66,"column":0},"end":{"line":66,"column":26}}},"fnMap":{"0":{"name":"(anonymous_0)","decl":{"start":{"line":14,"column":23},"end":{"line":14,"column":24}},"loc":{"start":{"line":14,"column":39},"end":{"line":17,"column":1}},"line":14},"1":{"name":"(anonymous_1)","decl":{"start":{"line":19,"column":25},"end":{"line":19,"column":26}},"loc":{"start":{"line":19,"column":45},"end":{"line":28,"column":1}},"line":19},"2":{"name":"(anonymous_2)","decl":{"start":{"line":38,"column":2},"end":{"line":38,"column":3}},"loc":{"start":{"line":38,"column":54},"end":{"line":63,"column":3}},"line":38}},"branchMap":{"0":{"loc":{"start":{"line":22,"column":47},"end":{"line":22,"column":78}},"type":"cond-expr","locations":[{"start":{"line":22,"column":54},"end":{"line":22,"column":64}},{"start":{"line":22,"column":67},"end":{"line":22,"column":78}}],"line":22},"1":{"loc":{"start":{"line":23,"column":15},"end":{"line":23,"column":27}},"type":"binary-expr","locations":[{"start":{"line":23,"column":15},"end":{"line":23,"column":19}},{"start":{"line":23,"column":23},"end":{"line":23,"column":27}}],"line":23},"2":{"loc":{"start":{"line":43,"column":23},"end":{"line":43,"column":59}},"type":"binary-expr","locations":[{"start":{"line":43,"column":23},"end":{"line":43,"column":42}},{"start":{"line":43,"column":46},"end":{"line":43,"column":59}}],"line":43},"3":{"loc":{"start":{"line":44,"column":23},"end":{"line":44,"column":55}},"type":"binary-expr","locations":[{"start":{"line":44,"column":23},"end":{"line":44,"column":49}},{"start":{"line":44,"column":53},"end":{"line":44,"column":55}}],"line":44},"4":{"loc":{"start":{"line":46,"column":6},"end":{"line":48,"column":7}},"type":"if","locations":[{"start":{"line":46,"column":6},"end":{"line":48,"column":7}},{"start":{},"end":{}}],"line":46}},"s":{"0":0,"1":0,"2":0,"3":0,"4":0,"5":0,"6":0,"7":0,"8":0,"9":0,"10":0,"11":0,"12":0,"13":0,"14":0,"15":0,"16":0,"17":0,"18":0,"19":0,"20":0,"21":0,"22":0,"23":0,"24":0,"25":0,"26":0},"f":{"0":0,"1":0,"2":0},"b":{"0":[0,0],"1":[0,0],"2":[0,0],"3":[0,0],"4":[0,0]}}
,"C:\\Users\\QUIKCARE COMPUTERS\\Desktop\\maths_solver\\backend\\utils\\session.js": {"path":"C:\\Users\\QUIKCARE COMPUTERS\\Desktop\\maths_solver\\backend\\utils\\session.js","statementMap":{"0":{"start":{"line":8,"column":16},"end":{"line":8,"column":33}},"1":{"start":{"line":9,"column":16},"end":{"line":9,"column":44}},"2":{"start":{"line":11,"column":26},"end":{"line":11,"column":44}},"3":{"start":{"line":12,"column":27},"end":{"line":12,"column":51}},"4":{"start":{"line":16,"column":20},"end":{"line":16,"column":64}},"5":{"start":{"line":17,"column":20},"end":{"line":17,"column":61}},"6":{"start":{"line":19,"column":2},"end":{"line":19,"column":57}},"7":{"start":{"line":20,"column":2},"end":{"line":20,"column":19}},"8":{"start":{"line":29,"column":2},"end":{"line":29,"column":30}},"9":{"start":{"line":29,"column":18},"end":{"line":29,"column":30}},"10":{"start":{"line":31,"column":18},"end":{"line":31,"column":54}},"11":{"start":{"line":32,"column":2},"end":{"line":35,"column":3}},"12":{"start":{"line":33,"column":4},"end":{"line":33,"column":56}},"13":{"start":{"line":33,"column":17},"end":{"line":33,"column":56}},"14":{"start":{"line":34,"column":4},"end":{"line":34,"column":16}},"15":{"start":{"line":38,"column":2},"end":{"line":41,"column":20}},"16":{"start":{"line":43,"column":2},"end":{"line":43,"column":36}},"17":{"start":{"line":48,"column":2},"end":{"line":48,"column":25}},"18":{"start":{"line":48,"column":18},"end":{"line":48,"column":25}},"19":{"start":{"line":49,"column":2},"end":{"line":49,"column":41}},"20":{"start":{"line":54,"column":17},"end":{"line":54,"column":44}},"21":{"start":{"line":55,"column":2},"end":{"line":55,"column":113}},"22":{"start":{"line":58,"column":0},"end":{"line":65,"column":2}}},"fnMap":{"0":{"name":"createSession","decl":{"start":{"line":15,"column":15},"end":{"line":15,"column":28}},"loc":{"start":{"line":15,"column":37},"end":{"line":21,"column":1}},"line":15},"1":{"name":"getSession","decl":{"start":{"line":28,"column":15},"end":{"line":28,"column":25}},"loc":{"start":{"line":28,"column":37},"end":{"line":44,"column":1}},"line":28},"2":{"name":"(anonymous_2)","decl":{"start":{"line":41,"column":10},"end":{"line":41,"column":11}},"loc":{"start":{"line":41,"column":16},"end":{"line":41,"column":18}},"line":41},"3":{"name":"destroySession","decl":{"start":{"line":47,"column":15},"end":{"line":47,"column":29}},"loc":{"start":{"line":47,"column":41},"end":{"line":50,"column":1}},"line":47},"4":{"name":"cookieHeader","decl":{"start":{"line":53,"column":9},"end":{"line":53,"column":21}},"loc":{"start":{"line":53,"column":64},"end":{"line":56,"column":1}},"line":53}},"branchMap":{"0":{"loc":{"start":{"line":29,"column":2},"end":{"line":29,"column":30}},"type":"if","locations":[{"start":{"line":29,"column":2},"end":{"line":29,"column":30}},{"start":{},"end":{}}],"line":29},"1":{"loc":{"start":{"line":32,"column":2},"end":{"line":35,"column":3}},"type":"if","locations":[{"start":{"line":32,"column":2},"end":{"line":35,"column":3}},{"start":{},"end":{}}],"line":32},"2":{"loc":{"start":{"line":32,"column":6},"end":{"line":32,"column":49}},"type":"binary-expr","locations":[{"start":{"line":32,"column":6},"end":{"line":32,"column":14}},{"start":{"line":32,"column":18},"end":{"line":32,"column":49}}],"line":32},"3":{"loc":{"start":{"line":33,"column":4},"end":{"line":33,"column":56}},"type":"if","locations":[{"start":{"line":33,"column":4},"end":{"line":33,"column":56}},{"start":{},"end":{}}],"line":33},"4":{"loc":{"start":{"line":48,"column":2},"end":{"line":48,"column":25}},"type":"if","locations":[{"start":{"line":48,"column":2},"end":{"line":48,"column":25}},{"start":{},"end":{}}],"line":48},"5":{"loc":{"start":{"line":53,"column":33},"end":{"line":53,"column":62}},"type":"default-arg","locations":[{"start":{"line":53,"column":44},"end":{"line":53,"column":62}}],"line":53}},"s":{"0":2,"1":2,"2":2,"3":2,"4":28,"5":28,"6":28,"7":28,"8":25,"9":0,"10":25,"11":25,"12":0,"13":0,"14":0,"15":25,"16":25,"17":1,"18":1,"19":0,"20":29,"21":29,"22":2},"f":{"0":28,"1":25,"2":0,"3":1,"4":29},"b":{"0":[0,25],"1":[0,25],"2":[25,25],"3":[0,0],"4":[1,0],"5":[28]},"_coverageSchema":"1a1c01bbd47fc00a2c39e90264f33305004495a9","hash":"58f6232475d5e8688bdd0ddf105a8865da53cc44"}
,"C:\\Users\\QUIKCARE COMPUTERS\\Desktop\\maths_solver\\backend\\utils\\validation.js": {"path":"C:\\Users\\QUIKCARE COMPUTERS\\Desktop\\maths_solver\\backend\\utils\\validation.js","statementMap":{"0":{"start":{"line":6,"column":12},"end":{"line":6,"column":26}},"1":{"start":{"line":10,"column":23},"end":{"line":28,"column":2}},"2":{"start":{"line":30,"column":20},"end":{"line":40,"column":2}},"3":{"start":{"line":44,"column":22},"end":{"line":60,"column":2}},"4":{"start":{"line":64,"column":23},"end":{"line":75,"column":2}},"5":{"start":{"line":83,"column":2},"end":{"line":99,"column":4}},"6":{"start":{"line":84,"column":29},"end":{"line":87,"column":6}},"7":{"start":{"line":89,"column":4},"end":{"line":95,"column":5}},"8":{"start":{"line":90,"column":21},"end":{"line":90,"column":66}},"9":{"start":{"line":90,"column":51},"end":{"line":90,"column":65}},"10":{"start":{"line":91,"column":6},"end":{"line":94,"column":9}},"11":{"start":{"line":97,"column":4},"end":{"line":97,"column":21}},"12":{"start":{"line":98,"column":4},"end":{"line":98,"column":11}},"13":{"start":{"line":102,"column":0},"end":{"line":108,"column":2}}},"fnMap":{"0":{"name":"validate","decl":{"start":{"line":82,"column":9},"end":{"line":82,"column":17}},"loc":{"start":{"line":82,"column":26},"end":{"line":100,"column":1}},"line":82},"1":{"name":"(anonymous_1)","decl":{"start":{"line":83,"column":9},"end":{"line":83,"column":10}},"loc":{"start":{"line":83,"column":29},"end":{"line":99,"column":3}},"line":83},"2":{"name":"(anonymous_2)","decl":{"start":{"line":90,"column":39},"end":{"line":90,"column":40}},"loc":{"start":{"line":90,"column":51},"end":{"line":90,"column":65}},"line":90}},"branchMap":{"0":{"loc":{"start":{"line":89,"column":4},"end":{"line":95,"column":5}},"type":"if","locations":[{"start":{"line":89,"column":4},"end":{"line":95,"column":5}},{"start":{},"end":{}}],"line":89}},"s":{"0":2,"1":2,"2":2,"3":2,"4":2,"5":6,"6":46,"7":46,"8":6,"9":7,"10":6,"11":40,"12":40,"13":2},"f":{"0":6,"1":46,"2":7},"b":{"0":[6,40]},"_coverageSchema":"1a1c01bbd47fc00a2c39e90264f33305004495a9","hash":"69e11707a35a37a750507ab509de77521757bbea"}
}
