TN:
SF:middleware\auth.js
FN:10,attachUser
FN:32,requireAuth
FNF:2
FNH:2
FNDA:65,attachUser
FNDA:29,requireAuth
DA:7,2
DA:8,2
DA:11,65
DA:12,65
DA:13,65
DA:15,65
DA:16,25
DA:17,25
DA:18,25
DA:19,25
DA:20,25
DA:21,0
DA:25,0
DA:29,65
DA:33,29
DA:34,4
DA:36,25
DA:39,2
LF:18
LH:16
BRDA:13,0,0,65
BRDA:13,0,1,40
BRDA:15,1,0,25
BRDA:15,1,1,40
BRDA:18,2,0,25
BRDA:18,2,1,0
BRDA:19,3,0,25
BRDA:19,3,1,0
BRDA:20,4,0,0
BRDA:20,4,1,25
BRDA:33,5,0,4
BRDA:33,5,1,25
BRF:12
BRH:9
end_of_record
TN:
SF:middleware\googleAuthGuard.js
FN:8,requireGoogleAuth
FNF:1
FNH:0
FNDA:0,requireGoogleAuth
DA:9,0
DA:10,0
DA:12,0
DA:18,0
LF:4
LH:0
BRDA:9,0,0,0
BRDA:9,0,1,0
BRDA:9,1,0,0
BRDA:9,1,1,0
BRF:4
BRH:0
end_of_record
TN:
SF:routes\auth-simple.js
FN:17,isEmail
FN:21,userPayload
FN:28,(anonymous_2)
FN:43,(anonymous_3)
FN:64,(anonymous_4)
FN:75,(anonymous_5)
FN:87,(anonymous_6)
FN:94,(anonymous_7)
FNF:8
FNH:0
FNDA:0,isEmail
FNDA:0,userPayload
FNDA:0,(anonymous_2)
FNDA:0,(anonymous_3)
FNDA:0,(anonymous_4)
FNDA:0,(anonymous_5)
FNDA:0,(anonymous_6)
FNDA:0,(anonymous_7)
DA:6,0
DA:8,0
DA:9,0
DA:10,0
DA:11,0
DA:13,0
DA:18,0
DA:22,0
DA:28,0
DA:29,0
DA:32,0
DA:33,0
DA:35,0
DA:36,0
DA:38,0
DA:39,0
DA:42,0
DA:43,0
DA:44,0
DA:47,0
DA:55,0
DA:56,0
DA:58,0
DA:59,0
DA:60,0
DA:64,0
DA:65,0
DA:67,0
DA:68,0
DA:70,0
DA:71,0
DA:74,0
DA:75,0
DA:77,0
DA:78,0
DA:81,0
DA:82,0
DA:83,0
DA:87,0
DA:88,0
DA:89,0
DA:90,0
DA:94,0
DA:95,0
DA:98,0
LF:45
LH:0
BRDA:32,0,0,0
BRDA:32,0,1,0
BRDA:32,1,0,0
BRDA:32,1,1,0
BRDA:35,2,0,0
BRDA:35,2,1,0
BRDA:35,3,0,0
BRDA:35,3,1,0
BRDA:38,4,0,0
BRDA:38,4,1,0
BRDA:38,5,0,0
BRDA:38,5,1,0
BRDA:38,5,2,0
BRDA:43,6,0,0
BRDA:43,6,1,0
BRDA:67,7,0,0
BRDA:67,7,1,0
BRDA:67,8,0,0
BRDA:67,8,1,0
BRDA:70,9,0,0
BRDA:70,9,1,0
BRDA:77,10,0,0
BRDA:77,10,1,0
BRDA:77,11,0,0
BRDA:77,11,1,0
BRF:25
BRH:0
end_of_record
TN:
SF:routes\auth.js
FN:19,userPayload
FN:24,(anonymous_1)
FN:48,(anonymous_2)
FN:66,(anonymous_3)
FN:77,(anonymous_4)
FNF:5
FNH:5
FNDA:29,userPayload
FNDA:28,(anonymous_1)
FNDA:3,(anonymous_2)
FNDA:1,(anonymous_3)
FNDA:1,(anonymous_4)
DA:10,2
DA:11,2
DA:12,2
DA:13,2
DA:14,2
DA:15,2
DA:17,2
DA:20,29
DA:24,2
DA:25,28
DA:26,28
DA:28,28
DA:29,28
DA:30,1
DA:33,27
DA:39,27
DA:40,27
DA:41,27
DA:43,0
DA:48,2
DA:49,3
DA:50,3
DA:51,3
DA:53,3
DA:54,2
DA:57,1
DA:58,1
DA:59,1
DA:61,0
DA:66,2
DA:67,1
DA:68,1
DA:69,1
DA:70,1
DA:72,0
DA:77,2
DA:78,1
DA:81,2
LF:38
LH:35
BRDA:29,0,0,1
BRDA:29,0,1,27
BRDA:53,1,0,2
BRDA:53,1,1,1
BRDA:53,2,0,3
BRDA:53,2,1,2
BRF:6
BRH:6
end_of_record
TN:
SF:routes\gamification.js
FN:21,getBadgeTier
FN:43,(anonymous_1)
FN:64,(anonymous_2)
FN:121,(anonymous_3)
FN:126,(anonymous_4)
FN:141,(anonymous_5)
FN:149,(anonymous_6)
FN:177,(anonymous_7)
FN:186,(anonymous_8)
FN:188,(anonymous_9)
FN:190,(anonymous_10)
FNF:11
FNH:8
FNDA:7,getBadgeTier
FNDA:1,(anonymous_1)
FNDA:3,(anonymous_2)
FNDA:1,(anonymous_3)
FNDA:7,(anonymous_4)
FNDA:4,(anonymous_5)
FNDA:10,(anonymous_6)
FNDA:1,(anonymous_7)
FNDA:0,(anonymous_8)
FNDA:0,(anonymous_9)
FNDA:0,(anonymous_10)
DA:11,1
DA:12,1
DA:13,1
DA:14,1
DA:16,1
DA:17,1
DA:22,7
DA:23,7
DA:24,7
DA:25,7
DA:26,7
DA:27,7
DA:30,1
DA:43,1
DA:44,1
DA:45,1
DA:48,1
DA:59,0
DA:64,1
DA:65,3
DA:66,3
DA:67,3
DA:70,3
DA:71,3
DA:72,3
DA:74,3
DA:76,3
DA:77,2
DA:79,1
DA:83,3
DA:84,2
DA:85,1
DA:87,0
DA:88,0
DA:89,0
DA:91,0
DA:94,3
DA:100,3
DA:101,3
DA:103,3
DA:116,0
DA:121,1
DA:122,1
DA:123,1
DA:124,1
DA:126,7
DA:134,1
DA:136,0
DA:141,1
DA:142,4
DA:143,4
DA:145,4
DA:146,0
DA:149,10
DA:150,4
DA:151,1
DA:154,3
DA:155,3
DA:157,3
DA:158,1
DA:161,2
DA:167,2
DA:172,0
DA:177,1
DA:178,1
DA:179,1
DA:186,1
DA:187,1
DA:188,1
DA:190,1
DA:197,1
DA:199,0
DA:203,1
LF:73
LH:63
BRDA:22,0,0,0
BRDA:22,0,1,7
BRDA:23,1,0,0
BRDA:23,1,1,7
BRDA:24,2,0,0
BRDA:24,2,1,7
BRDA:25,3,0,0
BRDA:25,3,1,7
BRDA:26,4,0,0
BRDA:26,4,1,7
BRDA:45,5,0,1
BRDA:45,5,1,1
BRDA:71,6,0,1
BRDA:71,6,1,2
BRDA:76,7,0,2
BRDA:76,7,1,1
BRDA:76,8,0,3
BRDA:76,8,1,1
BRDA:83,9,0,2
BRDA:83,9,1,1
BRDA:83,10,0,3
BRDA:83,10,1,1
BRDA:84,11,0,2
BRDA:84,11,1,0
BRDA:85,12,0,1
BRDA:85,12,1,0
BRDA:87,13,0,0
BRDA:87,13,1,0
BRDA:89,14,0,0
BRDA:89,14,1,0
BRDA:91,15,0,0
BRDA:91,15,1,0
BRDA:124,16,0,1
BRDA:124,16,1,1
BRDA:145,17,0,0
BRDA:145,17,1,4
BRDA:145,18,0,4
BRDA:145,18,1,4
BRDA:150,19,0,1
BRDA:150,19,1,3
BRDA:157,20,0,1
BRDA:157,20,1,2
BRDA:192,21,0,0
BRDA:192,21,1,0
BRF:44
BRH:28
end_of_record
TN:
SF:routes\googleAuth.js
FN:20,(anonymous_0)
FN:34,(anonymous_1)
FN:43,(anonymous_2)
FN:45,(anonymous_3)
FN:50,(anonymous_4)
FN:63,(anonymous_5)
FNF:6
FNH:0
FNDA:0,(anonymous_0)
FNDA:0,(anonymous_1)
FNDA:0,(anonymous_2)
FNDA:0,(anonymous_3)
FNDA:0,(anonymous_4)
FNDA:0,(anonymous_5)
DA:11,0
DA:12,0
DA:14,0
DA:16,0
DA:20,0
DA:21,0
DA:22,0
DA:29,0
DA:35,0
DA:37,0
DA:43,0
DA:44,0
DA:45,0
DA:46,0
DA:47,0
DA:48,0
DA:50,0
DA:51,0
DA:52,0
DA:54,0
DA:55,0
DA:56,0
DA:63,0
DA:64,0
DA:65,0
DA:67,0
DA:77,0
LF:27
LH:0
BRDA:16,0,0,0
BRDA:16,0,1,0
BRDA:44,1,0,0
BRDA:44,1,1,0
BRDA:46,2,0,0
BRDA:46,2,1,0
BRDA:51,3,0,0
BRDA:51,3,1,0
BRDA:64,4,0,0
BRDA:64,4,1,0
BRF:10
BRH:0
end_of_record
TN:
SF:routes\history.js
FN:17,(anonymous_0)
FN:26,(anonymous_1)
FN:40,(anonymous_2)
FNF:3
FNH:3
FNDA:1,(anonymous_0)
FNDA:2,(anonymous_1)
FNDA:5,(anonymous_2)
DA:8,1
DA:9,1
DA:10,1
DA:11,1
DA:13,1
DA:14,1
DA:17,1
DA:18,1
DA:19,1
DA:25,1
DA:26,2
DA:35,0
DA:40,1
DA:41,5
DA:42,5
DA:44,5
DA:51,5
DA:53,0
DA:57,1
LF:19
LH:17
BRF:0
BRH:0
end_of_record
TN:
SF:routes\progress.js
FN:17,(anonymous_0)
FN:38,(anonymous_1)
FNF:2
FNH:2
FNDA:2,(anonymous_0)
FNDA:4,(anonymous_1)
DA:8,1
DA:9,1
DA:10,1
DA:11,1
DA:13,1
DA:14,1
DA:17,1
DA:18,2
DA:19,2
DA:21,2
DA:22,1
DA:25,1
DA:33,0
DA:38,1
DA:39,4
DA:40,4
DA:42,4
DA:44,4
DA:45,4
DA:48,4
DA:54,4
DA:56,0
DA:60,1
LF:23
LH:21
BRDA:21,0,0,1
BRDA:21,0,1,1
BRDA:44,1,0,4
BRDA:44,1,1,0
BRF:4
BRH:3
end_of_record
TN:
SF:utils\crypto.js
FN:12,hashPassword
FN:21,verifyPassword
FNF:2
FNH:2
FNDA:27,hashPassword
FNDA:2,verifyPassword
DA:6,2
DA:13,27
DA:14,27
DA:15,27
DA:22,2
DA:23,2
DA:25,2
DA:26,2
DA:27,2
DA:30,2
LF:10
LH:10
BRDA:22,0,0,2
BRDA:22,0,1,0
BRDA:23,1,0,0
BRDA:23,1,1,2
BRDA:23,2,0,2
BRDA:23,2,1,2
BRDA:23,2,2,2
BRDA:27,3,0,2
BRDA:27,3,1,2
BRF:9
BRH:7
end_of_record
TN:
SF:utils\db.js
FN:11,connectDB
FNF:1
FNH:0
FNDA:0,connectDB
DA:7,0
DA:9,0
DA:12,0
DA:14,0
DA:15,0
DA:16,0
DA:19,0
DA:20,0
DA:21,0
DA:24,0
LF:10
LH:0
BRDA:12,0,0,0
BRDA:12,0,1,0
BRDA:15,1,0,0
BRDA:15,1,1,0
BRF:4
BRH:0
end_of_record
TN:
SF:utils\passport.js
FN:14,(anonymous_0)
FN:19,(anonymous_1)
FN:38,(anonymous_2)
FNF:3
FNH:0
FNDA:0,(anonymous_0)
FNDA:0,(anonymous_1)
FNDA:0,(anonymous_2)
DA:7,0
DA:8,0
DA:9,0
DA:14,0
DA:15,0
DA:16,0
DA:19,0
DA:20,0
DA:21,0
DA:22,0
DA:23,0
DA:25,0
DA:26,0
DA:32,0
DA:39,0
DA:40,0
DA:42,0
DA:43,0
DA:44,0
DA:46,0
DA:47,0
DA:51,0
DA:57,0
DA:58,0
DA:60,0
DA:61,0
DA:66,0
LF:27
LH:0
BRDA:22,0,0,0
BRDA:22,0,1,0
BRDA:23,1,0,0
BRDA:23,1,1,0
BRDA:43,2,0,0
BRDA:43,2,1,0
BRDA:44,3,0,0
BRDA:44,3,1,0
BRDA:46,4,0,0
BRDA:46,4,1,0
BRF:10
BRH:0
end_of_record
TN:
SF:utils\session.js
FN:15,createSession
FN:28,getSession
FN:41,(anonymous_2)
FN:47,destroySession
FN:53,cookieHeader
FNF:5
FNH:4
FNDA:28,createSession
FNDA:25,getSession
FNDA:0,(anonymous_2)
FNDA:1,destroySession
FNDA:29,cookieHeader
DA:8,2
DA:9,2
DA:11,2
DA:12,2
DA:16,28
DA:17,28
DA:19,28
DA:20,28
DA:29,25
DA:31,25
DA:32,25
DA:33,0
DA:34,0
DA:38,25
DA:43,25
DA:48,1
DA:49,0
DA:54,29
DA:55,29
DA:58,2
LF:20
LH:17
BRDA:29,0,0,0
BRDA:29,0,1,25
BRDA:32,1,0,0
BRDA:32,1,1,25
BRDA:32,2,0,25
BRDA:32,2,1,25
BRDA:33,3,0,0
BRDA:33,3,1,0
BRDA:48,4,0,1
BRDA:48,4,1,0
BRDA:53,5,0,28
BRF:11
BRH:6
end_of_record
TN:
SF:utils\validation.js
FN:82,validate
FN:83,(anonymous_1)
FN:90,(anonymous_2)
FNF:3
FNH:3
FNDA:6,validate
FNDA:46,(anonymous_1)
FNDA:7,(anonymous_2)
DA:6,2
DA:10,2
DA:30,2
DA:44,2
DA:64,2
DA:83,6
DA:84,46
DA:89,46
DA:90,7
DA:91,6
DA:97,40
DA:98,40
DA:102,2
LF:13
LH:13
BRDA:89,0,0,6
BRDA:89,0,1,40
BRF:2
BRH:2
end_of_record
